<?xml version="1.0" encoding="UTF-8"?>
<testsuite xmlns:xsi="http://www.w3.org/2001/XMLSchema-instance" xsi:schemaLocation="https://maven.apache.org/surefire/maven-surefire-plugin/xsd/surefire-test-report.xsd" name="gmm_tx.DefinitionTestSuite" time="22.425" tests="13" errors="0" skipped="0" failures="0">
  <properties>
    <property name="java.runtime.name" value="Java(TM) SE Runtime Environment"/>
    <property name="sun.boot.library.path" value="C:\Program Files\Java\jdk1.8.0_144\jre\bin"/>
    <property name="java.vm.version" value="25.144-b01"/>
    <property name="java.vm.vendor" value="Oracle Corporation"/>
    <property name="maven.multiModuleProjectDirectory" value="C:/Users/587170/gmm_tx"/>
    <property name="java.vendor.url" value="http://java.oracle.com/"/>
    <property name="path.separator" value=";"/>
    <property name="guice.disable.misplaced.annotation.check" value="true"/>
    <property name="java.vm.name" value="Java HotSpot(TM) 64-Bit Server VM"/>
    <property name="file.encoding.pkg" value="sun.io"/>
    <property name="user.script" value=""/>
    <property name="user.country" value="US"/>
    <property name="sun.java.launcher" value="SUN_STANDARD"/>
    <property name="sun.os.patch.level" value="Service Pack 1"/>
    <property name="java.vm.specification.name" value="Java Virtual Machine Specification"/>
    <property name="user.dir" value="C:\Users\587170\gmm_tx"/>
    <property name="java.runtime.version" value="1.8.0_144-b01"/>
    <property name="java.awt.graphicsenv" value="sun.awt.Win32GraphicsEnvironment"/>
    <property name="java.endorsed.dirs" value="C:\Program Files\Java\jdk1.8.0_144\jre\lib\endorsed"/>
    <property name="os.arch" value="amd64"/>
    <property name="java.io.tmpdir" value="C:\Users\587170\AppData\Local\Temp\"/>
    <property name="line.separator" value="&#10;"/>
    <property name="java.vm.specification.vendor" value="Oracle Corporation"/>
    <property name="user.variant" value=""/>
    <property name="os.name" value="Windows 7"/>
    <property name="classworlds.conf" value="C:/Users/587170/gmmDownloads/apache-maven-3.5.0/bin/m2.conf"/>
    <property name="sun.jnu.encoding" value="Cp1252"/>
    <property name="java.library.path" value="C:\Program Files\Java\jdk1.8.0_144\bin;C:\Windows\Sun\Java\bin;C:\Windows\system32;C:\Windows;C:\Users\587170\gmmDownloads\apache-maven-3.5.0\bin;C:\Users\587170\bin;C:\Users\587170\AppData\Local\Programs\Git\mingw64\bin;C:\Users\587170\AppData\Local\Programs\Git\usr\local\bin;C:\Users\587170\AppData\Local\Programs\Git\usr\bin;C:\Users\587170\AppData\Local\Programs\Git\usr\bin;C:\Users\587170\AppData\Local\Programs\Git\mingw64\bin;C:\Users\587170\AppData\Local\Programs\Git\usr\bin;C:\Users\587170\bin;C:\ProgramData\Oracle\Java\javapath;C:\Program Files\Common Files\Microsoft Shared\Microsoft Online Services;C:\Program Files (x86)\Common Files\Microsoft Shared\Microsoft Online Services;C:\Windows\system32;C:\Windows;C:\Windows\System32\Wbem;C:\Windows\System32\WindowsPowerShell\v1.0;C:\Program Files (x86)\QuickTime\QTSystem;C:\Program Files (x86)\Common Files\Ulead Systems\MPEG;C:\Program Files (x86)\Bitvise SSH Client;C:\Program Files\nodejs;C:\Go\bin;C:\HashiCorp\Vagrant\bin;C:\Program Files\MySQL\MySQL Utilities 1.6;C:\Users\587170\AppData\Local\Programs\Python\Python36\Scripts;C:\Users\587170\AppData\Local\Programs\Python\Python36;C:\ProgramData\Oracle\Java\javapath;C:\Program Files\Common Files\Microsoft Shared\Microsoft Online Services;C:\Program Files (x86)\Common Files\Microsoft Shared\Microsoft Online Services;C:\Windows\system32;C:\Windows;C:\Windows\System32\Wbem;C:\Windows\System32\WindowsPowerShell\v1.0;C:\Program Files (x86)\QuickTime\QTSystem;C:\Program Files (x86)\Common Files\Ulead Systems\MPEG;C:\Program Files (x86)\Bitvise SSH Client;C:\Program Files\nodejs;C:\Go\bin;C:\HashiCorp\Vagrant\bin;C:\Program Files\MySQL\MySQL Utilities 1.6;C:\Users\587170\AppData\Local\Google\Chrome\Application;C:\ProgramData\Oracle\Java\javapath;C:\Program Files\Common Files\Microsoft Shared\Microsoft Online Services;C:\Program Files (x86)\Common Files\Microsoft Shared\Microsoft Online Services;C:\Windows\system32;C:\Windows;C:\Windows\System32\Wbem;C:\Windows\System32\WindowsPowerShell\v1.0;C:\Program Files (x86)\QuickTime\QTSystem;C:\Program Files (x86)\Common Files\Ulead Systems\MPEG;C:\Program Files (x86)\Bitvise SSH Client;C:\Progr;C:\Users\587170\AppData\Local\Programs\Git\cmd; C;C:\Users\587170\AppData\Local\Programs\Git\Users\587170\AppData\Local\Programs\Python\Python36-32;C:\Users\587170\AppData\Local\atom;C:\Users\587170\gmmDownloads\apache-maven-3.5.0\bin;C:\Users\587170\googleTools;C:\Users\587170\AppData\Local\Programs\Git\usr\bin\vendor_perl;C:\Users\587170\AppData\Local\Programs\Git\usr\bin\core_perl;."/>
    <property name="maven.conf" value="C:/Users/587170/gmmDownloads/apache-maven-3.5.0/conf"/>
    <property name="java.specification.name" value="Java Platform API Specification"/>
    <property name="java.class.version" value="52.0"/>
    <property name="sun.management.compiler" value="HotSpot 64-Bit Tiered Compilers"/>
    <property name="os.version" value="6.1"/>
    <property name="library.jansi.path" value="C:\Users\587170\gmmDownloads\apache-maven-3.5.0\lib\jansi-native\windows64"/>
    <property name="user.home" value="C:\Users\587170"/>
    <property name="user.timezone" value="America/New_York"/>
    <property name="java.awt.printerjob" value="sun.awt.windows.WPrinterJob"/>
    <property name="java.specification.version" value="1.8"/>
    <property name="file.encoding" value="Cp1252"/>
    <property name="user.name" value="587170"/>
    <property name="java.class.path" value="C:/Users/587170/gmmDownloads/apache-maven-3.5.0/boot/plexus-classworlds-2.5.2.jar"/>
    <property name="java.vm.specification.version" value="1.8"/>
    <property name="sun.arch.data.model" value="64"/>
    <property name="java.home" value="C:\Program Files\Java\jdk1.8.0_144\jre"/>
    <property name="sun.java.command" value="org.codehaus.plexus.classworlds.launcher.Launcher clean install -U"/>
    <property name="java.specification.vendor" value="Oracle Corporation"/>
    <property name="user.language" value="en"/>
    <property name="awt.toolkit" value="sun.awt.windows.WToolkit"/>
    <property name="java.vm.info" value="mixed mode"/>
    <property name="java.version" value="1.8.0_144"/>
    <property name="java.ext.dirs" value="C:\Program Files\Java\jdk1.8.0_144\jre\lib\ext;C:\Windows\Sun\Java\lib\ext"/>
    <property name="sun.boot.class.path" value="C:\Program Files\Java\jdk1.8.0_144\jre\lib\resources.jar;C:\Program Files\Java\jdk1.8.0_144\jre\lib\rt.jar;C:\Program Files\Java\jdk1.8.0_144\jre\lib\sunrsasign.jar;C:\Program Files\Java\jdk1.8.0_144\jre\lib\jsse.jar;C:\Program Files\Java\jdk1.8.0_144\jre\lib\jce.jar;C:\Program Files\Java\jdk1.8.0_144\jre\lib\charsets.jar;C:\Program Files\Java\jdk1.8.0_144\jre\lib\jfr.jar;C:\Program Files\Java\jdk1.8.0_144\jre\classes"/>
    <property name="java.vendor" value="Oracle Corporation"/>
    <property name="maven.home" value="C:\Users\587170\gmmDownloads\apache-maven-3.5.0"/>
    <property name="file.separator" value="\"/>
    <property name="java.vendor.url.bug" value="http://bugreport.sun.com/bugreport/"/>
    <property name="sun.cpu.endian" value="little"/>
    <property name="sun.io.unicode.encoding" value="UnicodeLittle"/>
    <property name="sun.desktop" value="windows"/>
    <property name="sun.cpu.isalist" value="amd64"/>
  </properties>
  <testcase name="Given the user has logged into GMM" classname="Scenario: Create a grant application" time="0.002"/>
  <testcase name="When the user clicks on the sidebar link for application" classname="Scenario: Create a grant application" time="0"/>
  <testcase name="And the user clicks on the link to create application" classname="Scenario: Create a grant application" time="0"/>
  <testcase name="Then the user should see the page to select the grant type" classname="Scenario: Create a grant application" time="0"/>
  <testcase name="When the user selects the grant type" classname="Scenario: Create a grant application" time="0"/>
  <testcase name="And the user hits the submit button" classname="Scenario: Create a grant application" time="0"/>
  <testcase name="Then the user should see the page to enter application data" classname="Scenario: Create a grant application" time="0"/>
  <testcase name="When the user enters the general information" classname="Scenario: Create a grant application" time="0"/>
  <testcase name="And the user enters the grant information" classname="Scenario: Create a grant application" time="0"/>
  <testcase name="And the user enters the address information" classname="Scenario: Create a grant application" time="0"/>
  <testcase name="And the user hits the button" classname="Scenario: Create a grant application" time="0"/>
  <testcase name="Then the user should see the confirmation page" classname="Scenario: Create a grant application" time="0"/>
  <testcase name="Scenario: Create a grant application" classname="Scenario: Create a grant application" time="2.596"/>
</testsuite>